20:47:42.650 [main] INFO  c.example.lesson5.Lesson5Application - Starting Lesson5Application on feng with PID 16480 (K:\SpringBoot\code\lesson5\target\classes started by DBIS in K:\SpringBoot\code\lesson5)
20:47:42.654 [main] INFO  c.example.lesson5.Lesson5Application - No active profile set, falling back to default profiles: default
20:47:43.426 [main] INFO  o.s.b.w.e.tomcat.TomcatWebServer - Tomcat initialized with port(s): 8080 (http)
20:47:43.436 [main] INFO  o.a.coyote.http11.Http11NioProtocol - Initializing ProtocolHandler ["http-nio-8080"]
20:47:43.443 [main] INFO  o.a.catalina.core.StandardService - Starting service [Tomcat]
20:47:43.443 [main] INFO  o.a.catalina.core.StandardEngine - Starting Servlet engine: [Apache Tomcat/9.0.17]
20:47:43.518 [main] INFO  o.a.c.c.C.[Tomcat].[localhost].[/] - Initializing Spring embedded WebApplicationContext
20:47:43.518 [main] INFO  o.s.web.context.ContextLoader - Root WebApplicationContext: initialization completed in 822 ms
20:47:43.658 [main] INFO  o.s.s.c.ThreadPoolTaskExecutor - Initializing ExecutorService 'applicationTaskExecutor'
20:47:43.770 [main] INFO  o.a.coyote.http11.Http11NioProtocol - Starting ProtocolHandler ["http-nio-8080"]
20:47:43.787 [main] INFO  o.s.b.w.e.tomcat.TomcatWebServer - Tomcat started on port(s): 8080 (http) with context path ''
20:47:43.790 [main] INFO  c.example.lesson5.Lesson5Application - Started Lesson5Application in 1.526 seconds (JVM running for 2.362)
20:53:56.426 [main] ERROR o.s.boot.SpringApplication - Application run failed
java.lang.IllegalStateException: java.lang.IllegalStateException: Logback configuration error detected: 
ERROR in ch.qos.logback.core.joran.spi.Interpreter@60:46 - no applicable action for [append-ref], current ElementPath  is [[configuration][logger][append-ref]]
ERROR in ch.qos.logback.core.joran.spi.Interpreter@64:39 - no applicable action for [append-ref], current ElementPath  is [[configuration][logger][append-ref]]
	at org.springframework.boot.context.logging.LoggingApplicationListener.initializeSystem(LoggingApplicationListener.java:304)
	at org.springframework.boot.context.logging.LoggingApplicationListener.initialize(LoggingApplicationListener.java:265)
	at org.springframework.boot.context.logging.LoggingApplicationListener.onApplicationEnvironmentPreparedEvent(LoggingApplicationListener.java:228)
	at org.springframework.boot.context.logging.LoggingApplicationListener.onApplicationEvent(LoggingApplicationListener.java:201)
	at org.springframework.context.event.SimpleApplicationEventMulticaster.doInvokeListener(SimpleApplicationEventMulticaster.java:172)
	at org.springframework.context.event.SimpleApplicationEventMulticaster.invokeListener(SimpleApplicationEventMulticaster.java:165)
	at org.springframework.context.event.SimpleApplicationEventMulticaster.multicastEvent(SimpleApplicationEventMulticaster.java:139)
	at org.springframework.context.event.SimpleApplicationEventMulticaster.multicastEvent(SimpleApplicationEventMulticaster.java:127)
	at org.springframework.boot.context.event.EventPublishingRunListener.environmentPrepared(EventPublishingRunListener.java:75)
	at org.springframework.boot.SpringApplicationRunListeners.environmentPrepared(SpringApplicationRunListeners.java:54)
	at org.springframework.boot.SpringApplication.prepareEnvironment(SpringApplication.java:347)
	at org.springframework.boot.SpringApplication.run(SpringApplication.java:306)
	at org.springframework.boot.SpringApplication.run(SpringApplication.java:1260)
	at org.springframework.boot.SpringApplication.run(SpringApplication.java:1248)
	at com.example.lesson5.Lesson5Application.main(Lesson5Application.java:10)
Caused by: java.lang.IllegalStateException: Logback configuration error detected: 
ERROR in ch.qos.logback.core.joran.spi.Interpreter@60:46 - no applicable action for [append-ref], current ElementPath  is [[configuration][logger][append-ref]]
ERROR in ch.qos.logback.core.joran.spi.Interpreter@64:39 - no applicable action for [append-ref], current ElementPath  is [[configuration][logger][append-ref]]
	at org.springframework.boot.logging.logback.LogbackLoggingSystem.loadConfiguration(LogbackLoggingSystem.java:169)
	at org.springframework.boot.logging.AbstractLoggingSystem.initializeWithSpecificConfig(AbstractLoggingSystem.java:67)
	at org.springframework.boot.logging.AbstractLoggingSystem.initialize(AbstractLoggingSystem.java:57)
	at org.springframework.boot.logging.logback.LogbackLoggingSystem.initialize(LogbackLoggingSystem.java:117)
	at org.springframework.boot.context.logging.LoggingApplicationListener.initializeSystem(LoggingApplicationListener.java:297)
	... 14 common frames omitted
20:54:15.724 [main] INFO  c.example.lesson5.Lesson5Application - Starting Lesson5Application on feng with PID 12848 (K:\SpringBoot\code\lesson5\target\classes started by DBIS in K:\SpringBoot\code\lesson5)
20:54:15.726 [main] INFO  c.example.lesson5.Lesson5Application - No active profile set, falling back to default profiles: default
20:54:16.480 [main] INFO  o.s.b.w.e.tomcat.TomcatWebServer - Tomcat initialized with port(s): 8080 (http)
20:54:16.489 [main] INFO  o.a.coyote.http11.Http11NioProtocol - Initializing ProtocolHandler ["http-nio-8080"]
20:54:16.495 [main] INFO  o.a.catalina.core.StandardService - Starting service [Tomcat]
20:54:16.496 [main] INFO  o.a.catalina.core.StandardEngine - Starting Servlet engine: [Apache Tomcat/9.0.17]
20:54:16.573 [main] INFO  o.a.c.c.C.[Tomcat].[localhost].[/] - Initializing Spring embedded WebApplicationContext
20:54:16.573 [main] INFO  o.s.web.context.ContextLoader - Root WebApplicationContext: initialization completed in 802 ms
20:54:16.721 [main] INFO  o.s.s.c.ThreadPoolTaskExecutor - Initializing ExecutorService 'applicationTaskExecutor'
20:54:16.839 [main] INFO  o.a.coyote.http11.Http11NioProtocol - Starting ProtocolHandler ["http-nio-8080"]
20:54:16.862 [main] INFO  o.s.b.w.e.tomcat.TomcatWebServer - Tomcat started on port(s): 8080 (http) with context path ''
20:54:16.864 [main] INFO  c.example.lesson5.Lesson5Application - Started Lesson5Application in 1.507 seconds (JVM running for 2.316)
20:54:55.188 [main] INFO  c.example.lesson5.Lesson5Application - Starting Lesson5Application on feng with PID 9436 (K:\SpringBoot\code\lesson5\target\classes started by DBIS in K:\SpringBoot\code\lesson5)
20:54:55.190 [main] INFO  c.example.lesson5.Lesson5Application - No active profile set, falling back to default profiles: default
20:54:55.954 [main] INFO  o.s.b.w.e.tomcat.TomcatWebServer - Tomcat initialized with port(s): 8080 (http)
20:54:55.963 [main] INFO  o.a.coyote.http11.Http11NioProtocol - Initializing ProtocolHandler ["http-nio-8080"]
20:54:55.970 [main] INFO  o.a.catalina.core.StandardService - Starting service [Tomcat]
20:54:55.971 [main] INFO  o.a.catalina.core.StandardEngine - Starting Servlet engine: [Apache Tomcat/9.0.17]
20:54:56.043 [main] INFO  o.a.c.c.C.[Tomcat].[localhost].[/] - Initializing Spring embedded WebApplicationContext
20:54:56.043 [main] INFO  o.s.web.context.ContextLoader - Root WebApplicationContext: initialization completed in 815 ms
20:54:56.184 [main] INFO  o.s.s.c.ThreadPoolTaskExecutor - Initializing ExecutorService 'applicationTaskExecutor'
20:54:56.293 [main] INFO  o.a.coyote.http11.Http11NioProtocol - Starting ProtocolHandler ["http-nio-8080"]
20:54:56.311 [main] INFO  o.s.b.w.e.tomcat.TomcatWebServer - Tomcat started on port(s): 8080 (http) with context path ''
20:54:56.313 [main] INFO  c.example.lesson5.Lesson5Application - Started Lesson5Application in 1.51 seconds (JVM running for 2.364)
20:55:57.775 [main] ERROR o.s.boot.SpringApplication - Application run failed
java.lang.IllegalStateException: java.lang.IllegalStateException: Logback configuration error detected: 
ERROR in ch.qos.logback.core.joran.spi.Interpreter@60:46 - no applicable action for [append-ref], current ElementPath  is [[configuration][logger][append-ref]]
ERROR in ch.qos.logback.core.joran.spi.Interpreter@64:39 - no applicable action for [append-ref], current ElementPath  is [[configuration][logger][append-ref]]
	at org.springframework.boot.context.logging.LoggingApplicationListener.initializeSystem(LoggingApplicationListener.java:304)
	at org.springframework.boot.context.logging.LoggingApplicationListener.initialize(LoggingApplicationListener.java:265)
	at org.springframework.boot.context.logging.LoggingApplicationListener.onApplicationEnvironmentPreparedEvent(LoggingApplicationListener.java:228)
	at org.springframework.boot.context.logging.LoggingApplicationListener.onApplicationEvent(LoggingApplicationListener.java:201)
	at org.springframework.context.event.SimpleApplicationEventMulticaster.doInvokeListener(SimpleApplicationEventMulticaster.java:172)
	at org.springframework.context.event.SimpleApplicationEventMulticaster.invokeListener(SimpleApplicationEventMulticaster.java:165)
	at org.springframework.context.event.SimpleApplicationEventMulticaster.multicastEvent(SimpleApplicationEventMulticaster.java:139)
	at org.springframework.context.event.SimpleApplicationEventMulticaster.multicastEvent(SimpleApplicationEventMulticaster.java:127)
	at org.springframework.boot.context.event.EventPublishingRunListener.environmentPrepared(EventPublishingRunListener.java:75)
	at org.springframework.boot.SpringApplicationRunListeners.environmentPrepared(SpringApplicationRunListeners.java:54)
	at org.springframework.boot.SpringApplication.prepareEnvironment(SpringApplication.java:347)
	at org.springframework.boot.SpringApplication.run(SpringApplication.java:306)
	at org.springframework.boot.SpringApplication.run(SpringApplication.java:1260)
	at org.springframework.boot.SpringApplication.run(SpringApplication.java:1248)
	at com.example.lesson5.Lesson5Application.main(Lesson5Application.java:10)
Caused by: java.lang.IllegalStateException: Logback configuration error detected: 
ERROR in ch.qos.logback.core.joran.spi.Interpreter@60:46 - no applicable action for [append-ref], current ElementPath  is [[configuration][logger][append-ref]]
ERROR in ch.qos.logback.core.joran.spi.Interpreter@64:39 - no applicable action for [append-ref], current ElementPath  is [[configuration][logger][append-ref]]
	at org.springframework.boot.logging.logback.LogbackLoggingSystem.loadConfiguration(LogbackLoggingSystem.java:169)
	at org.springframework.boot.logging.AbstractLoggingSystem.initializeWithSpecificConfig(AbstractLoggingSystem.java:67)
	at org.springframework.boot.logging.AbstractLoggingSystem.initialize(AbstractLoggingSystem.java:57)
	at org.springframework.boot.logging.logback.LogbackLoggingSystem.initialize(LogbackLoggingSystem.java:117)
	at org.springframework.boot.context.logging.LoggingApplicationListener.initializeSystem(LoggingApplicationListener.java:297)
	... 14 common frames omitted
20:56:39.160 [main] ERROR o.s.boot.SpringApplication - Application run failed
java.lang.IllegalStateException: java.lang.IllegalStateException: Logback configuration error detected: 
ERROR in ch.qos.logback.core.joran.spi.Interpreter@60:46 - no applicable action for [append-ref], current ElementPath  is [[configuration][logger][append-ref]]
	at org.springframework.boot.context.logging.LoggingApplicationListener.initializeSystem(LoggingApplicationListener.java:304)
	at org.springframework.boot.context.logging.LoggingApplicationListener.initialize(LoggingApplicationListener.java:265)
	at org.springframework.boot.context.logging.LoggingApplicationListener.onApplicationEnvironmentPreparedEvent(LoggingApplicationListener.java:228)
	at org.springframework.boot.context.logging.LoggingApplicationListener.onApplicationEvent(LoggingApplicationListener.java:201)
	at org.springframework.context.event.SimpleApplicationEventMulticaster.doInvokeListener(SimpleApplicationEventMulticaster.java:172)
	at org.springframework.context.event.SimpleApplicationEventMulticaster.invokeListener(SimpleApplicationEventMulticaster.java:165)
	at org.springframework.context.event.SimpleApplicationEventMulticaster.multicastEvent(SimpleApplicationEventMulticaster.java:139)
	at org.springframework.context.event.SimpleApplicationEventMulticaster.multicastEvent(SimpleApplicationEventMulticaster.java:127)
	at org.springframework.boot.context.event.EventPublishingRunListener.environmentPrepared(EventPublishingRunListener.java:75)
	at org.springframework.boot.SpringApplicationRunListeners.environmentPrepared(SpringApplicationRunListeners.java:54)
	at org.springframework.boot.SpringApplication.prepareEnvironment(SpringApplication.java:347)
	at org.springframework.boot.SpringApplication.run(SpringApplication.java:306)
	at org.springframework.boot.SpringApplication.run(SpringApplication.java:1260)
	at org.springframework.boot.SpringApplication.run(SpringApplication.java:1248)
	at com.example.lesson5.Lesson5Application.main(Lesson5Application.java:10)
Caused by: java.lang.IllegalStateException: Logback configuration error detected: 
ERROR in ch.qos.logback.core.joran.spi.Interpreter@60:46 - no applicable action for [append-ref], current ElementPath  is [[configuration][logger][append-ref]]
	at org.springframework.boot.logging.logback.LogbackLoggingSystem.loadConfiguration(LogbackLoggingSystem.java:169)
	at org.springframework.boot.logging.AbstractLoggingSystem.initializeWithSpecificConfig(AbstractLoggingSystem.java:67)
	at org.springframework.boot.logging.AbstractLoggingSystem.initialize(AbstractLoggingSystem.java:57)
	at org.springframework.boot.logging.logback.LogbackLoggingSystem.initialize(LogbackLoggingSystem.java:117)
	at org.springframework.boot.context.logging.LoggingApplicationListener.initializeSystem(LoggingApplicationListener.java:297)
	... 14 common frames omitted
20:57:43.896 [main] INFO  c.example.lesson5.Lesson5Application - Starting Lesson5Application on feng with PID 2740 (K:\SpringBoot\code\lesson5\target\classes started by DBIS in K:\SpringBoot\code\lesson5)
20:57:43.899 [main] INFO  c.example.lesson5.Lesson5Application - No active profile set, falling back to default profiles: default
20:57:44.667 [main] INFO  o.s.b.w.e.tomcat.TomcatWebServer - Tomcat initialized with port(s): 8080 (http)
20:57:44.677 [main] INFO  o.a.coyote.http11.Http11NioProtocol - Initializing ProtocolHandler ["http-nio-8080"]
20:57:44.683 [main] INFO  o.a.catalina.core.StandardService - Starting service [Tomcat]
20:57:44.683 [main] INFO  o.a.catalina.core.StandardEngine - Starting Servlet engine: [Apache Tomcat/9.0.17]
20:57:44.758 [main] INFO  o.a.c.c.C.[Tomcat].[localhost].[/] - Initializing Spring embedded WebApplicationContext
20:57:44.758 [main] INFO  o.s.web.context.ContextLoader - Root WebApplicationContext: initialization completed in 822 ms
20:57:44.893 [main] INFO  o.s.s.c.ThreadPoolTaskExecutor - Initializing ExecutorService 'applicationTaskExecutor'
20:57:45.004 [main] INFO  o.a.coyote.http11.Http11NioProtocol - Starting ProtocolHandler ["http-nio-8080"]
20:57:45.021 [main] INFO  o.s.b.w.e.tomcat.TomcatWebServer - Tomcat started on port(s): 8080 (http) with context path ''
20:57:45.024 [main] INFO  c.example.lesson5.Lesson5Application - Started Lesson5Application in 1.5 seconds (JVM running for 2.34)
20:58:34.447 [main] ERROR o.s.boot.SpringApplication - Application run failed
java.lang.IllegalStateException: java.lang.IllegalStateException: Logback configuration error detected: 
ERROR in ch.qos.logback.core.rolling.RollingFileAppender[file] - 'FileNamePattern' option has the same value "logback.%d{yyyy-MM-dd}.log" as that given for appender [file] defined earlier.
ERROR in ch.qos.logback.core.rolling.RollingFileAppender[file] - Collisions detected with FileAppender/RollingAppender instances defined earlier. Aborting.
ERROR in ch.qos.logback.core.rolling.RollingFileAppender[file] - For more information, please visit http://logback.qos.ch/codes.html#earlier_fa_collision
ERROR in ch.qos.logback.core.rolling.RollingFileAppender[controller] - 'FileNamePattern' option has the same value "controller.%d{yyyy-MM-dd}.log" as that given for appender [controller] defined earlier.
ERROR in ch.qos.logback.core.rolling.RollingFileAppender[controller] - Collisions detected with FileAppender/RollingAppender instances defined earlier. Aborting.
ERROR in ch.qos.logback.core.rolling.RollingFileAppender[controller] - For more information, please visit http://logback.qos.ch/codes.html#earlier_fa_collision
ERROR in ch.qos.logback.core.rolling.RollingFileAppender[packageController] - 'FileNamePattern' option has the same value "packageController.%d{yyyy-MM-dd}.log" as that given for appender [packageController] defined earlier.
ERROR in ch.qos.logback.core.rolling.RollingFileAppender[packageController] - Collisions detected with FileAppender/RollingAppender instances defined earlier. Aborting.
ERROR in ch.qos.logback.core.rolling.RollingFileAppender[packageController] - For more information, please visit http://logback.qos.ch/codes.html#earlier_fa_collision
	at org.springframework.boot.context.logging.LoggingApplicationListener.initializeSystem(LoggingApplicationListener.java:304)
	at org.springframework.boot.context.logging.LoggingApplicationListener.initialize(LoggingApplicationListener.java:265)
	at org.springframework.boot.context.logging.LoggingApplicationListener.onApplicationEnvironmentPreparedEvent(LoggingApplicationListener.java:228)
	at org.springframework.boot.context.logging.LoggingApplicationListener.onApplicationEvent(LoggingApplicationListener.java:201)
	at org.springframework.context.event.SimpleApplicationEventMulticaster.doInvokeListener(SimpleApplicationEventMulticaster.java:172)
	at org.springframework.context.event.SimpleApplicationEventMulticaster.invokeListener(SimpleApplicationEventMulticaster.java:165)
	at org.springframework.context.event.SimpleApplicationEventMulticaster.multicastEvent(SimpleApplicationEventMulticaster.java:139)
	at org.springframework.context.event.SimpleApplicationEventMulticaster.multicastEvent(SimpleApplicationEventMulticaster.java:127)
	at org.springframework.boot.context.event.EventPublishingRunListener.environmentPrepared(EventPublishingRunListener.java:75)
	at org.springframework.boot.SpringApplicationRunListeners.environmentPrepared(SpringApplicationRunListeners.java:54)
	at org.springframework.boot.SpringApplication.prepareEnvironment(SpringApplication.java:347)
	at org.springframework.boot.SpringApplication.run(SpringApplication.java:306)
	at org.springframework.boot.SpringApplication.run(SpringApplication.java:1260)
	at org.springframework.boot.SpringApplication.run(SpringApplication.java:1248)
	at com.example.lesson5.Lesson5Application.main(Lesson5Application.java:10)
Caused by: java.lang.IllegalStateException: Logback configuration error detected: 
ERROR in ch.qos.logback.core.rolling.RollingFileAppender[file] - 'FileNamePattern' option has the same value "logback.%d{yyyy-MM-dd}.log" as that given for appender [file] defined earlier.
ERROR in ch.qos.logback.core.rolling.RollingFileAppender[file] - Collisions detected with FileAppender/RollingAppender instances defined earlier. Aborting.
ERROR in ch.qos.logback.core.rolling.RollingFileAppender[file] - For more information, please visit http://logback.qos.ch/codes.html#earlier_fa_collision
ERROR in ch.qos.logback.core.rolling.RollingFileAppender[controller] - 'FileNamePattern' option has the same value "controller.%d{yyyy-MM-dd}.log" as that given for appender [controller] defined earlier.
ERROR in ch.qos.logback.core.rolling.RollingFileAppender[controller] - Collisions detected with FileAppender/RollingAppender instances defined earlier. Aborting.
ERROR in ch.qos.logback.core.rolling.RollingFileAppender[controller] - For more information, please visit http://logback.qos.ch/codes.html#earlier_fa_collision
ERROR in ch.qos.logback.core.rolling.RollingFileAppender[packageController] - 'FileNamePattern' option has the same value "packageController.%d{yyyy-MM-dd}.log" as that given for appender [packageController] defined earlier.
ERROR in ch.qos.logback.core.rolling.RollingFileAppender[packageController] - Collisions detected with FileAppender/RollingAppender instances defined earlier. Aborting.
ERROR in ch.qos.logback.core.rolling.RollingFileAppender[packageController] - For more information, please visit http://logback.qos.ch/codes.html#earlier_fa_collision
	at org.springframework.boot.logging.logback.LogbackLoggingSystem.loadConfiguration(LogbackLoggingSystem.java:169)
	at org.springframework.boot.logging.AbstractLoggingSystem.initializeWithSpecificConfig(AbstractLoggingSystem.java:67)
	at org.springframework.boot.logging.AbstractLoggingSystem.initialize(AbstractLoggingSystem.java:57)
	at org.springframework.boot.logging.logback.LogbackLoggingSystem.initialize(LogbackLoggingSystem.java:117)
	at org.springframework.boot.context.logging.LoggingApplicationListener.initializeSystem(LoggingApplicationListener.java:297)
	... 14 common frames omitted
20:58:58.195 [main] ERROR o.s.boot.SpringApplication - Application run failed
java.lang.IllegalStateException: java.lang.IllegalStateException: Logback configuration error detected: 
ERROR in ch.qos.logback.core.rolling.RollingFileAppender[file] - 'FileNamePattern' option has the same value "logback.%d{yyyy-MM-dd}.log" as that given for appender [file] defined earlier.
ERROR in ch.qos.logback.core.rolling.RollingFileAppender[file] - Collisions detected with FileAppender/RollingAppender instances defined earlier. Aborting.
ERROR in ch.qos.logback.core.rolling.RollingFileAppender[file] - For more information, please visit http://logback.qos.ch/codes.html#earlier_fa_collision
ERROR in ch.qos.logback.core.rolling.RollingFileAppender[controller] - 'FileNamePattern' option has the same value "controller.%d{yyyy-MM-dd}.log" as that given for appender [controller] defined earlier.
ERROR in ch.qos.logback.core.rolling.RollingFileAppender[controller] - Collisions detected with FileAppender/RollingAppender instances defined earlier. Aborting.
ERROR in ch.qos.logback.core.rolling.RollingFileAppender[controller] - For more information, please visit http://logback.qos.ch/codes.html#earlier_fa_collision
ERROR in ch.qos.logback.core.rolling.RollingFileAppender[packageController] - 'FileNamePattern' option has the same value "packageController.%d{yyyy-MM-dd}.log" as that given for appender [packageController] defined earlier.
ERROR in ch.qos.logback.core.rolling.RollingFileAppender[packageController] - Collisions detected with FileAppender/RollingAppender instances defined earlier. Aborting.
ERROR in ch.qos.logback.core.rolling.RollingFileAppender[packageController] - For more information, please visit http://logback.qos.ch/codes.html#earlier_fa_collision
	at org.springframework.boot.context.logging.LoggingApplicationListener.initializeSystem(LoggingApplicationListener.java:304)
	at org.springframework.boot.context.logging.LoggingApplicationListener.initialize(LoggingApplicationListener.java:265)
	at org.springframework.boot.context.logging.LoggingApplicationListener.onApplicationEnvironmentPreparedEvent(LoggingApplicationListener.java:228)
	at org.springframework.boot.context.logging.LoggingApplicationListener.onApplicationEvent(LoggingApplicationListener.java:201)
	at org.springframework.context.event.SimpleApplicationEventMulticaster.doInvokeListener(SimpleApplicationEventMulticaster.java:172)
	at org.springframework.context.event.SimpleApplicationEventMulticaster.invokeListener(SimpleApplicationEventMulticaster.java:165)
	at org.springframework.context.event.SimpleApplicationEventMulticaster.multicastEvent(SimpleApplicationEventMulticaster.java:139)
	at org.springframework.context.event.SimpleApplicationEventMulticaster.multicastEvent(SimpleApplicationEventMulticaster.java:127)
	at org.springframework.boot.context.event.EventPublishingRunListener.environmentPrepared(EventPublishingRunListener.java:75)
	at org.springframework.boot.SpringApplicationRunListeners.environmentPrepared(SpringApplicationRunListeners.java:54)
	at org.springframework.boot.SpringApplication.prepareEnvironment(SpringApplication.java:347)
	at org.springframework.boot.SpringApplication.run(SpringApplication.java:306)
	at org.springframework.boot.SpringApplication.run(SpringApplication.java:1260)
	at org.springframework.boot.SpringApplication.run(SpringApplication.java:1248)
	at com.example.lesson5.Lesson5Application.main(Lesson5Application.java:10)
Caused by: java.lang.IllegalStateException: Logback configuration error detected: 
ERROR in ch.qos.logback.core.rolling.RollingFileAppender[file] - 'FileNamePattern' option has the same value "logback.%d{yyyy-MM-dd}.log" as that given for appender [file] defined earlier.
ERROR in ch.qos.logback.core.rolling.RollingFileAppender[file] - Collisions detected with FileAppender/RollingAppender instances defined earlier. Aborting.
ERROR in ch.qos.logback.core.rolling.RollingFileAppender[file] - For more information, please visit http://logback.qos.ch/codes.html#earlier_fa_collision
ERROR in ch.qos.logback.core.rolling.RollingFileAppender[controller] - 'FileNamePattern' option has the same value "controller.%d{yyyy-MM-dd}.log" as that given for appender [controller] defined earlier.
ERROR in ch.qos.logback.core.rolling.RollingFileAppender[controller] - Collisions detected with FileAppender/RollingAppender instances defined earlier. Aborting.
ERROR in ch.qos.logback.core.rolling.RollingFileAppender[controller] - For more information, please visit http://logback.qos.ch/codes.html#earlier_fa_collision
ERROR in ch.qos.logback.core.rolling.RollingFileAppender[packageController] - 'FileNamePattern' option has the same value "packageController.%d{yyyy-MM-dd}.log" as that given for appender [packageController] defined earlier.
ERROR in ch.qos.logback.core.rolling.RollingFileAppender[packageController] - Collisions detected with FileAppender/RollingAppender instances defined earlier. Aborting.
ERROR in ch.qos.logback.core.rolling.RollingFileAppender[packageController] - For more information, please visit http://logback.qos.ch/codes.html#earlier_fa_collision
	at org.springframework.boot.logging.logback.LogbackLoggingSystem.loadConfiguration(LogbackLoggingSystem.java:169)
	at org.springframework.boot.logging.AbstractLoggingSystem.initializeWithSpecificConfig(AbstractLoggingSystem.java:67)
	at org.springframework.boot.logging.AbstractLoggingSystem.initialize(AbstractLoggingSystem.java:57)
	at org.springframework.boot.logging.logback.LogbackLoggingSystem.initialize(LogbackLoggingSystem.java:117)
	at org.springframework.boot.context.logging.LoggingApplicationListener.initializeSystem(LoggingApplicationListener.java:297)
	... 14 common frames omitted
20:59:18.341 [main] INFO  c.example.lesson5.Lesson5Application - Starting Lesson5Application on feng with PID 20256 (K:\SpringBoot\code\lesson5\target\classes started by DBIS in K:\SpringBoot\code\lesson5)
20:59:18.344 [main] INFO  c.example.lesson5.Lesson5Application - No active profile set, falling back to default profiles: default
20:59:19.096 [main] INFO  o.s.b.w.e.tomcat.TomcatWebServer - Tomcat initialized with port(s): 8080 (http)
20:59:19.106 [main] INFO  o.a.coyote.http11.Http11NioProtocol - Initializing ProtocolHandler ["http-nio-8080"]
20:59:19.112 [main] INFO  o.a.catalina.core.StandardService - Starting service [Tomcat]
20:59:19.112 [main] INFO  o.a.catalina.core.StandardEngine - Starting Servlet engine: [Apache Tomcat/9.0.17]
20:59:19.187 [main] INFO  o.a.c.c.C.[Tomcat].[localhost].[/] - Initializing Spring embedded WebApplicationContext
20:59:19.187 [main] INFO  o.s.web.context.ContextLoader - Root WebApplicationContext: initialization completed in 802 ms
20:59:19.328 [main] INFO  o.s.s.c.ThreadPoolTaskExecutor - Initializing ExecutorService 'applicationTaskExecutor'
20:59:19.438 [main] INFO  o.a.coyote.http11.Http11NioProtocol - Starting ProtocolHandler ["http-nio-8080"]
20:59:19.456 [main] INFO  o.s.b.w.e.tomcat.TomcatWebServer - Tomcat started on port(s): 8080 (http) with context path ''
20:59:19.458 [main] INFO  c.example.lesson5.Lesson5Application - Started Lesson5Application in 1.526 seconds (JVM running for 2.345)
21:00:03.414 [main] ERROR o.s.boot.SpringApplication - Application run failed
java.lang.IllegalStateException: java.lang.IllegalStateException: Logback configuration error detected: 
ERROR in ch.qos.logback.core.joran.spi.Interpreter@60:46 - no applicable action for [append-ref], current ElementPath  is [[configuration][logger][append-ref]]
	at org.springframework.boot.context.logging.LoggingApplicationListener.initializeSystem(LoggingApplicationListener.java:304)
	at org.springframework.boot.context.logging.LoggingApplicationListener.initialize(LoggingApplicationListener.java:265)
	at org.springframework.boot.context.logging.LoggingApplicationListener.onApplicationEnvironmentPreparedEvent(LoggingApplicationListener.java:228)
	at org.springframework.boot.context.logging.LoggingApplicationListener.onApplicationEvent(LoggingApplicationListener.java:201)
	at org.springframework.context.event.SimpleApplicationEventMulticaster.doInvokeListener(SimpleApplicationEventMulticaster.java:172)
	at org.springframework.context.event.SimpleApplicationEventMulticaster.invokeListener(SimpleApplicationEventMulticaster.java:165)
	at org.springframework.context.event.SimpleApplicationEventMulticaster.multicastEvent(SimpleApplicationEventMulticaster.java:139)
	at org.springframework.context.event.SimpleApplicationEventMulticaster.multicastEvent(SimpleApplicationEventMulticaster.java:127)
	at org.springframework.boot.context.event.EventPublishingRunListener.environmentPrepared(EventPublishingRunListener.java:75)
	at org.springframework.boot.SpringApplicationRunListeners.environmentPrepared(SpringApplicationRunListeners.java:54)
	at org.springframework.boot.SpringApplication.prepareEnvironment(SpringApplication.java:347)
	at org.springframework.boot.SpringApplication.run(SpringApplication.java:306)
	at org.springframework.boot.SpringApplication.run(SpringApplication.java:1260)
	at org.springframework.boot.SpringApplication.run(SpringApplication.java:1248)
	at com.example.lesson5.Lesson5Application.main(Lesson5Application.java:10)
Caused by: java.lang.IllegalStateException: Logback configuration error detected: 
ERROR in ch.qos.logback.core.joran.spi.Interpreter@60:46 - no applicable action for [append-ref], current ElementPath  is [[configuration][logger][append-ref]]
	at org.springframework.boot.logging.logback.LogbackLoggingSystem.loadConfiguration(LogbackLoggingSystem.java:169)
	at org.springframework.boot.logging.AbstractLoggingSystem.initializeWithSpecificConfig(AbstractLoggingSystem.java:67)
	at org.springframework.boot.logging.AbstractLoggingSystem.initialize(AbstractLoggingSystem.java:57)
	at org.springframework.boot.logging.logback.LogbackLoggingSystem.initialize(LogbackLoggingSystem.java:117)
	at org.springframework.boot.context.logging.LoggingApplicationListener.initializeSystem(LoggingApplicationListener.java:297)
	... 14 common frames omitted
21:01:12.335 [main] INFO  c.example.lesson5.Lesson5Application - Starting Lesson5Application on feng with PID 19208 (K:\SpringBoot\code\lesson5\target\classes started by DBIS in K:\SpringBoot\code\lesson5)
21:01:12.337 [main] INFO  c.example.lesson5.Lesson5Application - No active profile set, falling back to default profiles: default
21:01:13.099 [main] INFO  o.s.b.w.e.tomcat.TomcatWebServer - Tomcat initialized with port(s): 8080 (http)
21:01:13.109 [main] INFO  o.a.coyote.http11.Http11NioProtocol - Initializing ProtocolHandler ["http-nio-8080"]
21:01:13.116 [main] INFO  o.a.catalina.core.StandardService - Starting service [Tomcat]
21:01:13.116 [main] INFO  o.a.catalina.core.StandardEngine - Starting Servlet engine: [Apache Tomcat/9.0.17]
21:01:13.189 [main] INFO  o.a.c.c.C.[Tomcat].[localhost].[/] - Initializing Spring embedded WebApplicationContext
21:01:13.189 [main] INFO  o.s.web.context.ContextLoader - Root WebApplicationContext: initialization completed in 822 ms
21:01:13.326 [main] INFO  o.s.s.c.ThreadPoolTaskExecutor - Initializing ExecutorService 'applicationTaskExecutor'
21:01:13.436 [main] INFO  o.a.coyote.http11.Http11NioProtocol - Starting ProtocolHandler ["http-nio-8080"]
21:01:13.455 [main] INFO  o.s.b.w.e.tomcat.TomcatWebServer - Tomcat started on port(s): 8080 (http) with context path ''
21:01:13.458 [main] INFO  c.example.lesson5.Lesson5Application - Started Lesson5Application in 1.499 seconds (JVM running for 2.3)
21:01:41.879 [http-nio-8080-exec-1] INFO  o.a.c.c.C.[Tomcat].[localhost].[/] - Initializing Spring DispatcherServlet 'dispatcherServlet'
21:01:41.879 [http-nio-8080-exec-1] INFO  o.s.web.servlet.DispatcherServlet - Initializing Servlet 'dispatcherServlet'
21:01:41.883 [http-nio-8080-exec-1] INFO  o.s.web.servlet.DispatcherServlet - Completed initialization in 4 ms
21:04:14.709 [http-nio-8080-exec-2] INFO  o.a.coyote.http11.Http11Processor - Error parsing HTTP request header
 Note: further occurrences of HTTP request parsing errors will be logged at DEBUG level.
java.lang.IllegalArgumentException: Invalid character found in the request target. The valid characters are defined in RFC 7230 and RFC 3986
	at org.apache.coyote.http11.Http11InputBuffer.parseRequestLine(Http11InputBuffer.java:467)
	at org.apache.coyote.http11.Http11Processor.service(Http11Processor.java:294)
	at org.apache.coyote.AbstractProcessorLight.process(AbstractProcessorLight.java:66)
	at org.apache.coyote.AbstractProtocol$ConnectionHandler.process(AbstractProtocol.java:834)
	at org.apache.tomcat.util.net.NioEndpoint$SocketProcessor.doRun(NioEndpoint.java:1415)
	at org.apache.tomcat.util.net.SocketProcessorBase.run(SocketProcessorBase.java:49)
	at java.util.concurrent.ThreadPoolExecutor.runWorker(ThreadPoolExecutor.java:1149)
	at java.util.concurrent.ThreadPoolExecutor$Worker.run(ThreadPoolExecutor.java:624)
	at org.apache.tomcat.util.threads.TaskThread$WrappingRunnable.run(TaskThread.java:61)
	at java.lang.Thread.run(Thread.java:748)
